Сборка начата 28.12.2016 21:21:52.
     1>Проект "C:\Users\Иван\documents\visual studio 2013\Projects\Yellow Ball\Yellow Ball\Yellow Ball.vcxproj" в узле 2 (целевые объекты Build).
     1>ClCompile:
         C:\Program Files (x86)\Microsoft Visual Studio 12.0\VC\bin\CL.exe /c /IC:\SDL2\include /ZI /nologo /W3 /WX- /sdl /Od /Oy- /D _MBCS /Gm /EHsc /RTC1 /MDd /GS /fp:precise /Zc:wchar_t /Zc:forScope /Fo"Debug\\" /Fd"Debug\vc120.pdb" /Gd /TP /analyze- /errorReport:prompt FallingSnow.cpp
         FallingSnow.cpp
       Link:
         C:\Program Files (x86)\Microsoft Visual Studio 12.0\VC\bin\link.exe /ERRORREPORT:PROMPT /OUT:"C:\Users\Иван\documents\visual studio 2013\Projects\Yellow Ball\Debug\Yellow Ball.exe" /INCREMENTAL /NOLOGO /LIBPATH:C:\SDL2\lib SDL2.lib SDL2main.lib SDL2_image.lib SDL2_ttf.lib kernel32.lib user32.lib gdi32.lib winspool.lib comdlg32.lib advapi32.lib shell32.lib ole32.lib oleaut32.lib uuid.lib odbc32.lib odbccp32.lib /MANIFEST /MANIFESTUAC:"level='asInvoker' uiAccess='false'" /manifest:embed /DEBUG /PDB:"C:\Users\Иван\documents\visual studio 2013\Projects\Yellow Ball\Debug\Yellow Ball.pdb" /SUBSYSTEM:CONSOLE /TLBID:1 /DYNAMICBASE /NXCOMPAT /IMPLIB:"C:\Users\Иван\documents\visual studio 2013\Projects\Yellow Ball\Debug\Yellow Ball.lib" /MACHINE:X86 Debug\AnimationSprite.obj
         Debug\AnimationText.obj
         Debug\Application.obj
         Debug\Button.obj
         Debug\Enemy1.obj
         Debug\Enemy2.obj
         Debug\FallingSnow.obj
         Debug\GameScreen.obj
         Debug\HUD.obj
         Debug\Level.obj
         Debug\Main.obj
         Debug\NewYearScreen.obj
         Debug\Player.obj
         Debug\SnowFlake.obj
         Debug\Sprite.obj
         Debug\Text.obj
         Debug\Timer.obj
         Debug\TitleScreen.obj
         Yellow Ball.vcxproj -> C:\Users\Иван\documents\visual studio 2013\Projects\Yellow Ball\Debug\Yellow Ball.exe
     1>Сборка проекта "C:\Users\Иван\documents\visual studio 2013\Projects\Yellow Ball\Yellow Ball\Yellow Ball.vcxproj" завершена (целевые объекты Build).

Сборка успешно завершена.

Затраченное время: 00:00:00.76
