c:\users\иван\documents\visual studio 2013\projects\yellow ball\yellow ball\debug\vc120.pdb
c:\users\иван\documents\visual studio 2013\projects\yellow ball\yellow ball\debug\vc120.idb
c:\users\иван\documents\visual studio 2013\projects\yellow ball\yellow ball\debug\animationsprite.obj
c:\users\иван\documents\visual studio 2013\projects\yellow ball\yellow ball\debug\animationtext.obj
c:\users\иван\documents\visual studio 2013\projects\yellow ball\yellow ball\debug\application.obj
c:\users\иван\documents\visual studio 2013\projects\yellow ball\yellow ball\debug\button.obj
c:\users\иван\documents\visual studio 2013\projects\yellow ball\yellow ball\debug\enemy1.obj
c:\users\иван\documents\visual studio 2013\projects\yellow ball\yellow ball\debug\enemy2.obj
c:\users\иван\documents\visual studio 2013\projects\yellow ball\yellow ball\debug\gamescreen.obj
c:\users\иван\documents\visual studio 2013\projects\yellow ball\yellow ball\debug\hud.obj
c:\users\иван\documents\visual studio 2013\projects\yellow ball\yellow ball\debug\level.obj
c:\users\иван\documents\visual studio 2013\projects\yellow ball\yellow ball\debug\main.obj
c:\users\иван\documents\visual studio 2013\projects\yellow ball\yellow ball\debug\messagebox.obj
c:\users\иван\documents\visual studio 2013\projects\yellow ball\yellow ball\debug\particle.obj
c:\users\иван\documents\visual studio 2013\projects\yellow ball\yellow ball\debug\player.obj
c:\users\иван\documents\visual studio 2013\projects\yellow ball\yellow ball\debug\sprite.obj
c:\users\иван\documents\visual studio 2013\projects\yellow ball\yellow ball\debug\text.obj
c:\users\иван\documents\visual studio 2013\projects\yellow ball\yellow ball\debug\timer.obj
c:\users\иван\documents\visual studio 2013\projects\yellow ball\yellow ball\debug\titlescreen.obj
c:\users\иван\documents\visual studio 2013\projects\yellow ball\debug\yellow ball.ilk
c:\users\иван\documents\visual studio 2013\projects\yellow ball\debug\yellow ball.exe
c:\users\иван\documents\visual studio 2013\projects\yellow ball\debug\yellow ball.pdb
c:\users\иван\documents\visual studio 2013\projects\yellow ball\yellow ball\debug\yellow ball.tlog\cl.command.1.tlog
c:\users\иван\documents\visual studio 2013\projects\yellow ball\yellow ball\debug\yellow ball.tlog\cl.read.1.tlog
c:\users\иван\documents\visual studio 2013\projects\yellow ball\yellow ball\debug\yellow ball.tlog\cl.write.1.tlog
c:\users\иван\documents\visual studio 2013\projects\yellow ball\yellow ball\debug\yellow ball.tlog\link.command.1.tlog
c:\users\иван\documents\visual studio 2013\projects\yellow ball\yellow ball\debug\yellow ball.tlog\link.read.1.tlog
c:\users\иван\documents\visual studio 2013\projects\yellow ball\yellow ball\debug\yellow ball.tlog\link.write.1.tlog
