c:\users\иван\documents\visual studio 2013\projects\yellow ball\yellow ball\release\vc120.pdb
c:\users\иван\documents\visual studio 2013\projects\yellow ball\yellow ball\release\titlescreen.obj
c:\users\иван\documents\visual studio 2013\projects\yellow ball\yellow ball\release\timer.obj
c:\users\иван\documents\visual studio 2013\projects\yellow ball\yellow ball\release\text.obj
c:\users\иван\documents\visual studio 2013\projects\yellow ball\yellow ball\release\sprite.obj
c:\users\иван\documents\visual studio 2013\projects\yellow ball\yellow ball\release\player.obj
c:\users\иван\documents\visual studio 2013\projects\yellow ball\yellow ball\release\main.obj
c:\users\иван\documents\visual studio 2013\projects\yellow ball\yellow ball\release\level.obj
c:\users\иван\documents\visual studio 2013\projects\yellow ball\yellow ball\release\hud.obj
c:\users\иван\documents\visual studio 2013\projects\yellow ball\yellow ball\release\gamescreen.obj
c:\users\иван\documents\visual studio 2013\projects\yellow ball\yellow ball\release\enemy2.obj
c:\users\иван\documents\visual studio 2013\projects\yellow ball\yellow ball\release\enemy1.obj
c:\users\иван\documents\visual studio 2013\projects\yellow ball\yellow ball\release\button.obj
c:\users\иван\documents\visual studio 2013\projects\yellow ball\yellow ball\release\application.obj
c:\users\иван\documents\visual studio 2013\projects\yellow ball\yellow ball\release\animationtext.obj
c:\users\иван\documents\visual studio 2013\projects\yellow ball\yellow ball\release\animationsprite.obj
c:\users\иван\documents\visual studio 2013\projects\yellow ball\yellow ball\release\newyearscreen.obj
c:\users\иван\documents\visual studio 2013\projects\yellow ball\yellow ball\release\snowflake.obj
c:\users\иван\documents\visual studio 2013\projects\yellow ball\yellow ball\release\fallingsnow.obj
c:\users\иван\documents\visual studio 2013\projects\yellow ball\release\yellow ball.exe
c:\users\иван\documents\visual studio 2013\projects\yellow ball\release\yellow ball.pdb
c:\users\иван\documents\visual studio 2013\projects\yellow ball\yellow ball\release\yellow ball.tlog\cl.command.1.tlog
c:\users\иван\documents\visual studio 2013\projects\yellow ball\yellow ball\release\yellow ball.tlog\cl.read.1.tlog
c:\users\иван\documents\visual studio 2013\projects\yellow ball\yellow ball\release\yellow ball.tlog\cl.write.1.tlog
c:\users\иван\documents\visual studio 2013\projects\yellow ball\yellow ball\release\yellow ball.tlog\link.command.1.tlog
c:\users\иван\documents\visual studio 2013\projects\yellow ball\yellow ball\release\yellow ball.tlog\link.read.1.tlog
c:\users\иван\documents\visual studio 2013\projects\yellow ball\yellow ball\release\yellow ball.tlog\link.write.1.tlog
