Сборка начата 29.12.2016 12:09:19.
     1>Проект "C:\Users\Иван\documents\visual studio 2013\Projects\Yellow Ball\Yellow Ball\Yellow Ball.vcxproj" в узле 2 (целевые объекты Build).
     1>Link:
         C:\Program Files (x86)\Microsoft Visual Studio 12.0\VC\bin\link.exe /ERRORREPORT:PROMPT /OUT:"C:\Users\Иван\documents\visual studio 2013\Projects\Yellow Ball\Release\Yellow Ball.exe" /NOLOGO /LIBPATH:C:\SDL2\lib SDL2.lib SDL2main.lib SDL2_image.lib SDL2_ttf.lib kernel32.lib user32.lib gdi32.lib winspool.lib comdlg32.lib advapi32.lib shell32.lib ole32.lib oleaut32.lib uuid.lib odbc32.lib odbccp32.lib /MANIFEST /MANIFESTUAC:"level='asInvoker' uiAccess='false'" /manifest:embed /DEBUG /PDB:"C:\Users\Иван\documents\visual studio 2013\Projects\Yellow Ball\Release\Yellow Ball.pdb" /SUBSYSTEM:WINDOWS /OPT:REF /OPT:ICF /LTCG /TLBID:1 /DYNAMICBASE /NXCOMPAT /IMPLIB:"C:\Users\Иван\documents\visual studio 2013\Projects\Yellow Ball\Release\Yellow Ball.lib" /MACHINE:X86 /SAFESEH Release\AnimationSprite.obj
         Release\AnimationText.obj
         Release\Application.obj
         Release\Button.obj
         Release\Enemy1.obj
         Release\Enemy2.obj
         Release\FallingSnow.obj
         Release\GameScreen.obj
         Release\HUD.obj
         Release\Level.obj
         Release\Main.obj
         Release\NewYearScreen.obj
         Release\Player.obj
         Release\SnowFlake.obj
         Release\Sprite.obj
         Release\Text.obj
         Release\Timer.obj
         Release\TitleScreen.obj
         Создание кода
         Создание кода завершено
         Yellow Ball.vcxproj -> C:\Users\Иван\documents\visual studio 2013\Projects\Yellow Ball\Release\Yellow Ball.exe
     1>Сборка проекта "C:\Users\Иван\documents\visual studio 2013\Projects\Yellow Ball\Yellow Ball\Yellow Ball.vcxproj" завершена (целевые объекты Build).

Сборка успешно завершена.

Затраченное время: 00:00:01.34
